<?xml version="1.0" encoding="UTF-8"?>
<!-- Generated by org.testng.reporters.JUnitReportReporter -->
<testsuite hostname="Lakkappa" failures="0" tests="4" name="TestCases.Test1" time="55.979" errors="0" timestamp="2023-12-13T17:29:02 IST" skipped="2">
  <testcase classname="TestCases.Test1" name="log" time="8.020">
    <system-out>
      <![CDATA[Start execution
Open the browser
Enter Email
Enter password
click login button]]>
    </system-out>
  </testcase> <!-- log -->
  <testcase classname="TestCases.Test1" name="log" time="47.959">
    <system-out>
      <![CDATA[Start execution
Open the browser
Enter Email
Enter password
click login button]]>
    </system-out>
  </testcase> <!-- log -->
  <testcase classname="TestCases.Test1" name="demo">
    <skipped/>
  </testcase> <!-- demo -->
  <testcase classname="TestCases.Test1" name="loginPage">
    <skipped/>
  </testcase> <!-- loginPage -->
  <system-out>
    <![CDATA[Start execution
Open the browser
Enter Email
Enter password
click login button
Start execution
Open the browser
Enter Email
Enter password
click login button]]>
  </system-out>
</testsuite> <!-- TestCases.Test1 -->
