<?xml version="1.0" encoding="UTF-8"?>
<!-- Generated by org.testng.reporters.JUnitReportReporter -->
<testsuite hostname="Lakkappa" failures="0" tests="4" name="TestCases.Test1" time="21.703" errors="0" timestamp="2023-12-23T21:00:19 IST" skipped="2">
  <testcase classname="TestCases.Test1" name="log" time="6.205">
    <system-out>
      <![CDATA[Start execution
Open the browser
Enter Email
Enter password
click login button]]>
    </system-out>
  </testcase> <!-- log -->
  <testcase classname="TestCases.Test1" name="log" time="15.498">
    <system-out>
      <![CDATA[Start execution
Open the browser
Enter Email
Enter password
click login button]]>
    </system-out>
  </testcase> <!-- log -->
  <testcase classname="TestCases.Test1" name="loginPage">
    <skipped/>
  </testcase> <!-- loginPage -->
  <testcase classname="TestCases.Test1" name="demo">
    <skipped/>
  </testcase> <!-- demo -->
  <system-out>
    <![CDATA[Start execution
Open the browser
Enter Email
Enter password
click login button
Start execution
Open the browser
Enter Email
Enter password
click login button]]>
  </system-out>
</testsuite> <!-- TestCases.Test1 -->
