<?xml version="1.0" encoding="UTF-8"?>
<!-- Generated by org.testng.reporters.JUnitReportReporter -->
<testsuite hostname="Lakkappa" failures="0" tests="3" name="TestCases.Test2" time="28.319" errors="0" timestamp="2023-12-23T21:00:19 IST" skipped="0">
  <testcase classname="TestCases.Test2" name="test12" time="6.061"/>
  <testcase classname="TestCases.Test2" name="test3" time="5.901"/>
  <testcase classname="TestCases.Test2" name="test1" time="16.357"/>
  <system-out>
    <![CDATA[Start execution
Open the browser
Enter Email
Enter password
click login button
Start execution
Open the browser
Enter Email
Enter password
click login button]]>
  </system-out>
</testsuite> <!-- TestCases.Test2 -->
