<?xml version="1.0" encoding="UTF-8"?>
<!-- Generated by org.testng.reporters.JUnitReportReporter -->
<testsuite hostname="Lakkappa" failures="0" tests="3" name="TestCases.Test2" time="58.773" errors="0" timestamp="2023-12-13T17:29:02 IST" skipped="0">
  <testcase classname="TestCases.Test2" name="test1" time="45.958"/>
  <testcase classname="TestCases.Test2" name="test3" time="5.465"/>
  <testcase classname="TestCases.Test2" name="test12" time="7.350"/>
  <system-out>
    <![CDATA[Start execution
Open the browser
Enter Email
Enter password
click login button
Start execution
Open the browser
Enter Email
Enter password
click login button]]>
  </system-out>
</testsuite> <!-- TestCases.Test2 -->
