<?xml version="1.0" encoding="UTF-8"?>
<!-- Generated by org.testng.reporters.JUnitReportReporter -->
<testsuite hostname="Lakkappa" failures="0" tests="1" name="TestCases.Test3" time="45.687" errors="0" timestamp="2023-12-13T17:29:02 IST" skipped="0">
  <testcase classname="TestCases.Test3" name="logGenerate" time="45.687"/>
  <system-out>
    <![CDATA[Start execution
Open the browser
Enter Email
Enter password
click login button
Start execution
Open the browser
Enter Email
Enter password
click login button]]>
  </system-out>
</testsuite> <!-- TestCases.Test3 -->
