<?xml version="1.0" encoding="UTF-8"?>
<!-- Generated by org.testng.reporters.JUnitReportReporter -->
<testsuite hostname="Lakkappa" failures="0" tests="2" name="TestNGAnnotation.first2" time="5.671" errors="0" timestamp="2023-12-15T12:17:54 IST" skipped="0">
  <testcase classname="TestNGAnnotation.first2" name="example1" time="2.748"/>
  <system-out/>
  <testcase classname="TestNGAnnotation.first2" name="example2" time="2.923"/>
  <system-out/>
</testsuite> <!-- TestNGAnnotation.first2 -->
