<?xml version="1.0" encoding="UTF-8"?>
<!-- Generated by org.testng.reporters.JUnitReportReporter -->
<testsuite hostname="Lakkappa" failures="0" tests="1" name="TestCases.log" time="86.229" errors="0" timestamp="2023-12-11T21:55:43 IST" skipped="0">
  <testcase classname="TestCases.log" name="logGenerate" time="86.229"/>
  <system-out/>
</testsuite> <!-- TestCases.log -->
