<?xml version="1.0" encoding="UTF-8"?>
<!-- Generated by org.testng.reporters.JUnitReportReporter -->
<testsuite hostname="Lakkappa" failures="0" tests="2" name="TestNGAnnotation.first" time="0.004" errors="0" timestamp="2023-12-11T21:27:08 IST" skipped="0">
  <testcase classname="TestNGAnnotation.first" name="demo1" time="0.002"/>
  <system-out/>
  <testcase classname="TestNGAnnotation.first" name="demo" time="0.002"/>
  <system-out/>
</testsuite> <!-- TestNGAnnotation.first -->
