<?xml version="1.0" encoding="UTF-8"?>
<!-- Generated by org.testng.reporters.JUnitReportReporter -->
<testsuite hostname="Lakkappa" failures="0" tests="4" name="TestCases.Test1" time="15.268" errors="0" timestamp="2023-12-07T00:30:56 IST" skipped="1">
  <testcase classname="TestCases.Test1" name="demo" time="2.328"/>
  <system-out/>
  <testcase classname="TestCases.Test1" name="log" time="7.960"/>
  <system-out/>
  <testcase classname="TestCases.Test1" name="log" time="4.980"/>
  <system-out/>
  <testcase classname="TestCases.Test1" name="loginPage">
    <skipped/>
  </testcase> <!-- loginPage -->
  <system-out/>
</testsuite> <!-- TestCases.Test1 -->
