<?xml version="1.0" encoding="UTF-8"?>
<!-- Generated by org.testng.reporters.JUnitReportReporter -->
<testsuite hostname="Lakkappa" failures="0" tests="2" name="TestCases.Test2" time="8.167" errors="0" timestamp="2023-12-08T21:00:04 IST" skipped="0">
  <testcase classname="TestCases.Test2" name="test1" time="4.344"/>
  <system-out/>
  <testcase classname="TestCases.Test2" name="test12" time="3.823"/>
  <system-out/>
</testsuite> <!-- TestCases.Test2 -->
