<?xml version="1.0" encoding="UTF-8"?>
<!-- Generated by org.testng.reporters.JUnitReportReporter -->
<testsuite hostname="Lakkappa" failures="0" tests="2" name="TestNGAnnotation.first3" time="6.826" errors="0" timestamp="2023-12-15T12:17:54 IST" skipped="0">
  <testcase classname="TestNGAnnotation.first3" name="example4" time="3.976"/>
  <system-out/>
  <testcase classname="TestNGAnnotation.first3" name="example3" time="2.850"/>
  <system-out/>
</testsuite> <!-- TestNGAnnotation.first3 -->
