<?xml version="1.0" encoding="UTF-8"?>
<!-- Generated by org.testng.reporters.JUnitReportReporter -->
<testsuite hostname="Lakkappa" failures="0" tests="1" name="TestCases.ProductVerifyTest" time="7.328" errors="0" timestamp="2023-12-07T00:30:56 IST" skipped="0">
  <testcase classname="TestCases.ProductVerifyTest" name="loginPage" time="7.328"/>
  <system-out/>
</testsuite> <!-- TestCases.ProductVerifyTest -->
