<?xml version="1.0" encoding="UTF-8"?>
<!-- Generated by org.testng.reporters.JUnitReportReporter -->
<testsuite hostname="Lakkappa" failures="0" tests="2" name="Utils.BrowserSettings" time="7.349" errors="0" timestamp="2023-12-11T19:33:34 IST" skipped="0">
  <testcase classname="Utils.BrowserSettings" name="gt" time="0.010"/>
  <system-out/>
  <testcase classname="Utils.BrowserSettings" name="run1" time="7.339"/>
  <system-out/>
</testsuite> <!-- Utils.BrowserSettings -->
