<?xml version="1.0" encoding="UTF-8"?>
<!-- Generated by org.testng.reporters.JUnitReportReporter -->
<testsuite hostname="Lakkappa" failures="0" tests="3" name="TestCases.Test2" time="5.309" errors="0" timestamp="2023-12-13T14:20:43 IST" skipped="0">
  <testcase classname="TestCases.Test2" name="test3" time="2.161"/>
  <system-out/>
  <testcase classname="TestCases.Test2" name="test12" time="1.578"/>
  <system-out/>
  <testcase classname="TestCases.Test2" name="test1" time="1.570"/>
  <system-out/>
</testsuite> <!-- TestCases.Test2 -->
