<?xml version="1.0" encoding="UTF-8"?>
<!-- Generated by org.testng.reporters.JUnitReportReporter -->
<testsuite hostname="Lakkappa" failures="0" tests="5" name="TestNGAnnotation.first7" time="0.021" errors="0" timestamp="2023-12-11T21:27:08 IST" skipped="0">
  <testcase classname="TestNGAnnotation.first7" name="MobileLogin" time="0.002"/>
  <system-out/>
  <testcase classname="TestNGAnnotation.first7" name="MobileSignout" time="0.002"/>
  <system-out/>
  <testcase classname="TestNGAnnotation.first7" name="MobileLogin" time="0.014"/>
  <system-out/>
  <testcase classname="TestNGAnnotation.first7" name="MobileSignin" time="0.002"/>
  <system-out/>
  <testcase classname="TestNGAnnotation.first7" name="MobileLogin" time="0.001"/>
  <system-out/>
</testsuite> <!-- TestNGAnnotation.first7 -->
