<?xml version="1.0" encoding="UTF-8"?>
<!-- Generated by org.testng.reporters.JUnitReportReporter -->
<testsuite hostname="Lakkappa" failures="0" tests="1" name="Utils.BrowserSettings" time="28.974" errors="0" timestamp="2023-12-12T00:09:46 IST" skipped="0">
  <testcase classname="Utils.BrowserSettings" name="run1" time="28.974"/>
  <system-out/>
</testsuite> <!-- Utils.BrowserSettings -->
