<?xml version="1.0" encoding="UTF-8"?>
<!-- Generated by org.testng.reporters.JUnitReportReporter -->
<testsuite hostname="Lakkappa" failures="0" tests="1" name="TestNGAnnotation.first8" time="3.254" errors="0" timestamp="2023-12-13T14:20:43 IST" skipped="0">
  <testcase classname="TestNGAnnotation.first8" name="checkScr" time="3.254"/>
  <system-out/>
</testsuite> <!-- TestNGAnnotation.first8 -->
