<?xml version="1.0" encoding="UTF-8"?>
<!-- Generated by org.testng.reporters.JUnitReportReporter -->
<testsuite hostname="Lakkappa" failures="0" tests="1" name="TestCases.ProductVerifyTest" time="4.912" errors="0" timestamp="2023-12-13T23:27:41 IST" skipped="0">
  <testcase classname="TestCases.ProductVerifyTest" name="loginPage" time="4.912"/>
  <system-out/>
</testsuite> <!-- TestCases.ProductVerifyTest -->
