<?xml version="1.0" encoding="UTF-8"?>
<!-- Generated by org.testng.reporters.JUnitReportReporter -->
<testsuite hostname="Lakkappa" failures="0" tests="1" name="TestCases.productCart" time="2.646" errors="0" timestamp="2023-12-08T20:03:03 IST" skipped="0">
  <testcase classname="TestCases.productCart" name="productcart" time="2.646"/>
  <system-out/>
</testsuite> <!-- TestCases.productCart -->
