<?xml version="1.0" encoding="UTF-8"?>
<!-- Generated by org.testng.reporters.JUnitReportReporter -->
<testsuite hostname="Lakkappa" failures="0" tests="2" name="TestNGAnnotation.first5" time="0.002" errors="0" timestamp="2023-12-13T14:20:43 IST" skipped="0">
  <testcase classname="TestNGAnnotation.first5" name="printSomething" time="0.001"/>
  <system-out/>
  <testcase classname="TestNGAnnotation.first5" name="printSomething2" time="0.001"/>
  <system-out/>
</testsuite> <!-- TestNGAnnotation.first5 -->
