<?xml version="1.0" encoding="UTF-8"?>
<!-- Generated by org.testng.reporters.JUnitReportReporter -->
<testsuite hostname="Lakkappa" failures="0" tests="1" name="TestCases.Test3" time="3.772" errors="0" timestamp="2023-12-09T00:58:13 IST" skipped="0">
  <testcase classname="TestCases.Test3" name="logGenerate" time="3.772"/>
  <system-out/>
</testsuite> <!-- TestCases.Test3 -->
