<?xml version="1.0" encoding="UTF-8"?>
<!-- Generated by org.testng.reporters.JUnitReportReporter -->
<testsuite hostname="Lakkappa" failures="0" tests="2" name="TestNGAnnotation.first" time="8.585" errors="0" timestamp="2023-12-15T12:17:54 IST" skipped="0">
  <testcase classname="TestNGAnnotation.first" name="demo" time="5.581"/>
  <system-out/>
  <testcase classname="TestNGAnnotation.first" name="demo1" time="3.004"/>
  <system-out/>
</testsuite> <!-- TestNGAnnotation.first -->
