<?xml version="1.0" encoding="UTF-8"?>
<!-- Generated by org.testng.reporters.JUnitReportReporter -->
<testsuite hostname="Lakkappa" failures="0" tests="4" name="TestCases.Test1" time="22.467" errors="0" timestamp="2023-12-08T20:03:03 IST" skipped="0">
  <testcase classname="TestCases.Test1" name="demo" time="4.183"/>
  <system-out/>
  <testcase classname="TestCases.Test1" name="log" time="10.218"/>
  <system-out/>
  <testcase classname="TestCases.Test1" name="log" time="4.230"/>
  <system-out/>
  <testcase classname="TestCases.Test1" name="loginPage" time="3.836"/>
  <system-out/>
</testsuite> <!-- TestCases.Test1 -->
