<?xml version="1.0" encoding="UTF-8"?>
<!-- Generated by org.testng.reporters.JUnitReportReporter -->
<testsuite hostname="Lakkappa" failures="0" tests="2" name="TestNGAnnotation.first2" time="0.012" errors="0" timestamp="2023-12-11T21:27:10 IST" skipped="0">
  <testcase classname="TestNGAnnotation.first2" name="example1" time="0.011"/>
  <system-out/>
  <testcase classname="TestNGAnnotation.first2" name="example2" time="0.001"/>
  <system-out/>
</testsuite> <!-- TestNGAnnotation.first2 -->
